# JRE version: OpenJDK Runtime Environment (11.0.8+10) (build 11.0.8+10-b944.6842174)
# Java VM: OpenJDK 64-Bit Server VM (11.0.8+10-b944.6842174, mixed mode, tiered, compressed oops, g1 gc, windows-amd64)
Heap:
 garbage-first heap   total 424960K, used 170734K [0x0000000080000000, 0x0000000100000000)
  region size 1024K, 6 young (6144K), 6 survivors (6144K)
 Metaspace       used 106530K, capacity 109165K, committed 111360K, reserved 1144832K
  class space    used 13660K, capacity 14620K, committed 15616K, reserved 1048576K
GC Heap History (20 events):
Event: 17.264 GC heap after
{Heap after GC invocations=49 (full 0):
 garbage-first heap   total 206848K, used 100154K [0x0000000080000000, 0x0000000100000000)
  region size 1024K, 7 young (7168K), 7 survivors (7168K)
 Metaspace       used 98879K, capacity 101361K, committed 101504K, reserved 1136640K
  class space    used 12715K, capacity 13586K, committed 13696K, reserved 1048576K
}
Event: 17.272 GC heap before
{Heap before GC invocations=49 (full 0):
 garbage-first heap   total 206848K, used 103226K [0x0000000080000000, 0x0000000100000000)
  region size 1024K, 10 young (10240K), 7 survivors (7168K)
 Metaspace       used 98881K, capacity 101361K, committed 101504K, reserved 1136640K
  class space    used 12715K, capacity 13586K, committed 13696K, reserved 1048576K
}
Event: 17.281 GC heap after
{Heap after GC invocations=50 (full 0):
 garbage-first heap   total 206848K, used 100225K [0x0000000080000000, 0x0000000100000000)
  region size 1024K, 2 young (2048K), 2 survivors (2048K)
 Metaspace       used 98881K, capacity 101361K, committed 101504K, reserved 1136640K
  class space    used 12715K, capacity 13586K, committed 13696K, reserved 1048576K
}
Event: 17.546 GC heap before
{Heap before GC invocations=50 (full 0):
 garbage-first heap   total 206848K, used 146305K [0x0000000080000000, 0x0000000100000000)
  region size 1024K, 48 young (49152K), 2 survivors (2048K)
 Metaspace       used 102881K, capacity 106121K, committed 106368K, reserved 1140736K
  class space    used 13583K, capacity 14933K, committed 14976K, reserved 1048576K
}
Event: 17.564 GC heap after
{Heap after GC invocations=51 (full 0):
 garbage-first heap   total 206848K, used 110424K [0x0000000080000000, 0x0000000100000000)
  region size 1024K, 6 young (6144K), 6 survivors (6144K)
 Metaspace       used 102881K, capacity 106121K, committed 106368K, reserved 1140736K
  class space    used 13583K, capacity 14933K, committed 14976K, reserved 1048576K
}
Event: 18.013 GC heap before
{Heap before GC invocations=52 (full 0):
 garbage-first heap   total 206848K, used 152408K [0x0000000080000000, 0x0000000100000000)
  region size 1024K, 48 young (49152K), 6 survivors (6144K)
 Metaspace       used 105696K, capacity 108915K, committed 109312K, reserved 1142784K
  class space    used 13934K, capacity 15254K, committed 15360K, reserved 1048576K
}
Event: 18.031 GC heap after
{Heap after GC invocations=53 (full 0):
 garbage-first heap   total 206848K, used 115107K [0x0000000080000000, 0x0000000100000000)
  region size 1024K, 5 young (5120K), 5 survivors (5120K)
 Metaspace       used 105696K, capacity 108915K, committed 109312K, reserved 1142784K
  class space    used 13934K, capacity 15254K, committed 15360K, reserved 1048576K
}
Event: 18.069 GC heap before
{Heap before GC invocations=53 (full 0):
 garbage-first heap   total 206848K, used 119203K [0x0000000080000000, 0x0000000100000000)
  region size 1024K, 10 young (10240K), 5 survivors (5120K)
 Metaspace       used 105795K, capacity 108979K, committed 109312K, reserved 1142784K
  class space    used 13938K, capacity 15254K, committed 15360K, reserved 1048576K
}
Event: 18.080 GC heap after
{Heap after GC invocations=54 (full 0):
 garbage-first heap   total 206848K, used 107302K [0x0000000080000000, 0x0000000100000000)
  region size 1024K, 1 young (1024K), 1 survivors (1024K)
 Metaspace       used 105795K, capacity 108979K, committed 109312K, reserved 1142784K
  class space    used 13938K, capacity 15254K, committed 15360K, reserved 1048576K
}
Event: 18.588 GC heap before
{Heap before GC invocations=54 (full 0):
 garbage-first heap   total 206848K, used 169766K [0x0000000080000000, 0x0000000100000000)
  region size 1024K, 46 young (47104K), 1 survivors (1024K)
 Metaspace       used 106749K, capacity 110070K, committed 110208K, reserved 1144832K
  class space    used 13990K, capacity 15361K, committed 15488K, reserved 1048576K
}
Event: 18.642 GC heap after
{Heap after GC invocations=55 (full 0):
 garbage-first heap   total 206848K, used 127743K [0x0000000080000000, 0x0000000100000000)
  region size 1024K, 6 young (6144K), 6 survivors (6144K)
 Metaspace       used 106749K, capacity 110070K, committed 110208K, reserved 1144832K
  class space    used 13990K, capacity 15361K, committed 15488K, reserved 1048576K
}
Event: 18.972 GC heap before
{Heap before GC invocations=56 (full 0):
 garbage-first heap   total 206848K, used 158463K [0x0000000080000000, 0x0000000100000000)
  region size 1024K, 39 young (39936K), 6 survivors (6144K)
 Metaspace       used 106241K, capacity 108930K, committed 111360K, reserved 1144832K
  class space    used 13658K, capacity 14618K, committed 15616K, reserved 1048576K
}
Event: 19.001 GC heap after
{Heap after GC invocations=57 (full 0):
 garbage-first heap   total 256000K, used 142505K [0x0000000080000000, 0x0000000100000000)
  region size 1024K, 5 young (5120K), 5 survivors (5120K)
 Metaspace       used 106241K, capacity 108930K, committed 111360K, reserved 1144832K
  class space    used 13658K, capacity 14618K, committed 15616K, reserved 1048576K
}
Event: 19.046 GC heap before
{Heap before GC invocations=57 (full 0):
 garbage-first heap   total 256000K, used 148649K [0x0000000080000000, 0x0000000100000000)
  region size 1024K, 12 young (12288K), 5 survivors (5120K)
 Metaspace       used 106248K, capacity 108931K, committed 111360K, reserved 1144832K
  class space    used 13658K, capacity 14618K, committed 15616K, reserved 1048576K
}
Event: 19.066 GC heap after
{Heap after GC invocations=58 (full 0):
 garbage-first heap   total 256000K, used 126954K [0x0000000080000000, 0x0000000100000000)
  region size 1024K, 2 young (2048K), 2 survivors (2048K)
 Metaspace       used 106248K, capacity 108931K, committed 111360K, reserved 1144832K
  class space    used 13658K, capacity 14618K, committed 15616K, reserved 1048576K
}
Event: 19.500 GC heap before
{Heap before GC invocations=58 (full 0):
 garbage-first heap   total 256000K, used 175082K [0x0000000080000000, 0x0000000100000000)
  region size 1024K, 50 young (51200K), 2 survivors (2048K)
 Metaspace       used 106434K, capacity 109086K, committed 111360K, reserved 1144832K
  class space    used 13660K, capacity 14620K, committed 15616K, reserved 1048576K
}
Event: 19.528 GC heap after
{Heap after GC invocations=59 (full 0):
 garbage-first heap   total 256000K, used 145664K [0x0000000080000000, 0x0000000100000000)
  region size 1024K, 7 young (7168K), 7 survivors (7168K)
 Metaspace       used 106434K, capacity 109086K, committed 111360K, reserved 1144832K
  class space    used 13660K, capacity 14620K, committed 15616K, reserved 1048576K
}
Event: 20.119 GC heap before
{Heap before GC invocations=59 (full 0):
 garbage-first heap   total 256000K, used 192768K [0x0000000080000000, 0x0000000100000000)
  region size 1024K, 48 young (49152K), 7 survivors (7168K)
 Metaspace       used 106501K, capacity 109095K, committed 111360K, reserved 1144832K
  class space    used 13660K, capacity 14620K, committed 15616K, reserved 1048576K
}
Event: 20.139 GC heap after
{Heap after GC invocations=60 (full 0):
 garbage-first heap   total 256000K, used 160512K [0x0000000080000000, 0x0000000100000000)
  region size 1024K, 6 young (6144K), 6 survivors (6144K)
 Metaspace       used 106501K, capacity 109095K, committed 111360K, reserved 1144832K
  class space    used 13660K, capacity 14620K, committed 15616K, reserved 1048576K
}
Event: 20.264 GC heap before
{Heap before GC invocations=60 (full 0):
 garbage-first heap   total 256000K, used 200448K [0x0000000080000000, 0x0000000100000000)
  region size 1024K, 43 young (44032K), 6 survivors (6144K)
 Metaspace       used 106530K, capacity 109165K, committed 111360K, reserved 1144832K
  class space    used 13660K, capacity 14620K, committed 15616K, reserved 1048576K
}

