# JRE version: OpenJDK Runtime Environment (11.0.8+10) (build 11.0.8+10-b944.6842174)
# Java VM: OpenJDK 64-Bit Server VM (11.0.8+10-b944.6842174, mixed mode, tiered, compressed oops, g1 gc, windows-amd64)
Heap:
 garbage-first heap   total 65536K, used 44431K [0x0000000080000000, 0x0000000100000000)
  region size 1024K, 22 young (22528K), 4 survivors (4096K)
 Metaspace       used 44334K, capacity 45376K, committed 45568K, reserved 1089536K
  class space    used 5677K, capacity 6031K, committed 6144K, reserved 1048576K
GC Heap History (20 events):
Event: 8.000 GC heap before
{Heap before GC invocations=3 (full 0):
 garbage-first heap   total 65536K, used 40412K [0x0000000080000000, 0x0000000100000000)
  region size 1024K, 29 young (29696K), 4 survivors (4096K)
 Metaspace       used 19088K, capacity 19521K, committed 19712K, reserved 1067008K
  class space    used 2322K, capacity 2458K, committed 2560K, reserved 1048576K
}
Event: 8.049 GC heap after
{Heap after GC invocations=4 (full 0):
 garbage-first heap   total 65536K, used 16376K [0x0000000080000000, 0x0000000100000000)
  region size 1024K, 2 young (2048K), 2 survivors (2048K)
 Metaspace       used 19088K, capacity 19521K, committed 19712K, reserved 1067008K
  class space    used 2322K, capacity 2458K, committed 2560K, reserved 1048576K
}
Event: 8.372 GC heap before
{Heap before GC invocations=4 (full 0):
 garbage-first heap   total 65536K, used 25592K [0x0000000080000000, 0x0000000100000000)
  region size 1024K, 12 young (12288K), 2 survivors (2048K)
 Metaspace       used 20597K, capacity 21096K, committed 21248K, reserved 1067008K
  class space    used 2525K, capacity 2711K, committed 2816K, reserved 1048576K
}
Event: 8.379 GC heap after
{Heap after GC invocations=5 (full 0):
 garbage-first heap   total 65536K, used 16643K [0x0000000080000000, 0x0000000100000000)
  region size 1024K, 2 young (2048K), 2 survivors (2048K)
 Metaspace       used 20597K, capacity 21096K, committed 21248K, reserved 1067008K
  class space    used 2525K, capacity 2711K, committed 2816K, reserved 1048576K
}
Event: 9.164 GC heap before
{Heap before GC invocations=6 (full 0):
 garbage-first heap   total 65536K, used 40195K [0x0000000080000000, 0x0000000100000000)
  region size 1024K, 26 young (26624K), 2 survivors (2048K)
 Metaspace       used 23195K, capacity 23729K, committed 23936K, reserved 1071104K
  class space    used 2958K, capacity 3143K, committed 3200K, reserved 1048576K
}
Event: 9.170 GC heap after
{Heap after GC invocations=7 (full 0):
 garbage-first heap   total 65536K, used 17752K [0x0000000080000000, 0x0000000100000000)
  region size 1024K, 3 young (3072K), 3 survivors (3072K)
 Metaspace       used 23195K, capacity 23729K, committed 23936K, reserved 1071104K
  class space    used 2958K, capacity 3143K, committed 3200K, reserved 1048576K
}
Event: 10.141 GC heap before
{Heap before GC invocations=7 (full 0):
 garbage-first heap   total 65536K, used 42328K [0x0000000080000000, 0x0000000100000000)
  region size 1024K, 27 young (27648K), 3 survivors (3072K)
 Metaspace       used 26206K, capacity 26726K, committed 27008K, reserved 1073152K
  class space    used 3424K, capacity 3633K, committed 3712K, reserved 1048576K
}
Event: 10.146 GC heap after
{Heap after GC invocations=8 (full 0):
 garbage-first heap   total 65536K, used 18718K [0x0000000080000000, 0x0000000100000000)
  region size 1024K, 3 young (3072K), 3 survivors (3072K)
 Metaspace       used 26206K, capacity 26726K, committed 27008K, reserved 1073152K
  class space    used 3424K, capacity 3633K, committed 3712K, reserved 1048576K
}
Event: 11.266 GC heap before
{Heap before GC invocations=8 (full 0):
 garbage-first heap   total 65536K, used 44318K [0x0000000080000000, 0x0000000100000000)
  region size 1024K, 28 young (28672K), 3 survivors (3072K)
 Metaspace       used 28938K, capacity 29576K, committed 29696K, reserved 1075200K
  class space    used 3858K, capacity 4094K, committed 4096K, reserved 1048576K
}
Event: 11.271 GC heap after
{Heap after GC invocations=9 (full 0):
 garbage-first heap   total 65536K, used 19473K [0x0000000080000000, 0x0000000100000000)
  region size 1024K, 3 young (3072K), 3 survivors (3072K)
 Metaspace       used 28938K, capacity 29576K, committed 29696K, reserved 1075200K
  class space    used 3858K, capacity 4094K, committed 4096K, reserved 1048576K
}
Event: 12.067 GC heap before
{Heap before GC invocations=9 (full 0):
 garbage-first heap   total 65536K, used 42001K [0x0000000080000000, 0x0000000100000000)
  region size 1024K, 26 young (26624K), 3 survivors (3072K)
 Metaspace       used 35124K, capacity 35792K, committed 35840K, reserved 1081344K
  class space    used 4563K, capacity 4825K, committed 4864K, reserved 1048576K
}
Event: 12.077 GC heap after
{Heap after GC invocations=10 (full 0):
 garbage-first heap   total 65536K, used 21821K [0x0000000080000000, 0x0000000100000000)
  region size 1024K, 4 young (4096K), 4 survivors (4096K)
 Metaspace       used 35124K, capacity 35792K, committed 35840K, reserved 1081344K
  class space    used 4563K, capacity 4825K, committed 4864K, reserved 1048576K
}
Event: 12.784 GC heap before
{Heap before GC invocations=11 (full 0):
 garbage-first heap   total 65536K, used 48445K [0x0000000080000000, 0x0000000100000000)
  region size 1024K, 28 young (28672K), 4 survivors (4096K)
 Metaspace       used 37852K, capacity 38571K, committed 38784K, reserved 1083392K
  class space    used 4865K, capacity 5168K, committed 5248K, reserved 1048576K
}
Event: 12.795 GC heap after
{Heap after GC invocations=12 (full 0):
 garbage-first heap   total 65536K, used 23523K [0x0000000080000000, 0x0000000100000000)
  region size 1024K, 2 young (2048K), 2 survivors (2048K)
 Metaspace       used 37852K, capacity 38571K, committed 38784K, reserved 1083392K
  class space    used 4865K, capacity 5168K, committed 5248K, reserved 1048576K
}
Event: 13.454 GC heap before
{Heap before GC invocations=12 (full 0):
 garbage-first heap   total 65536K, used 48099K [0x0000000080000000, 0x0000000100000000)
  region size 1024K, 26 young (26624K), 2 survivors (2048K)
 Metaspace       used 40088K, capacity 40967K, committed 41088K, reserved 1085440K
  class space    used 5097K, capacity 5434K, committed 5504K, reserved 1048576K
}
Event: 13.460 GC heap after
{Heap after GC invocations=13 (full 0):
 garbage-first heap   total 65536K, used 24685K [0x0000000080000000, 0x0000000100000000)
  region size 1024K, 3 young (3072K), 3 survivors (3072K)
 Metaspace       used 40088K, capacity 40967K, committed 41088K, reserved 1085440K
  class space    used 5097K, capacity 5434K, committed 5504K, reserved 1048576K
}
Event: 13.948 GC heap before
{Heap before GC invocations=13 (full 0):
 garbage-first heap   total 65536K, used 49261K [0x0000000080000000, 0x0000000100000000)
  region size 1024K, 27 young (27648K), 3 survivors (3072K)
 Metaspace       used 42226K, capacity 43158K, committed 43392K, reserved 1087488K
  class space    used 5431K, capacity 5744K, committed 5760K, reserved 1048576K
}
Event: 13.953 GC heap after
{Heap after GC invocations=14 (full 0):
 garbage-first heap   total 65536K, used 25604K [0x0000000080000000, 0x0000000100000000)
  region size 1024K, 3 young (3072K), 3 survivors (3072K)
 Metaspace       used 42226K, capacity 43158K, committed 43392K, reserved 1087488K
  class space    used 5431K, capacity 5744K, committed 5760K, reserved 1048576K
}
Event: 14.836 GC heap before
{Heap before GC invocations=14 (full 0):
 garbage-first heap   total 65536K, used 50180K [0x0000000080000000, 0x0000000100000000)
  region size 1024K, 27 young (27648K), 3 survivors (3072K)
 Metaspace       used 44088K, capacity 45076K, committed 45312K, reserved 1089536K
  class space    used 5658K, capacity 6020K, committed 6144K, reserved 1048576K
}
Event: 14.841 GC heap after
{Heap after GC invocations=15 (full 0):
 garbage-first heap   total 65536K, used 27023K [0x0000000080000000, 0x0000000100000000)
  region size 1024K, 4 young (4096K), 4 survivors (4096K)
 Metaspace       used 44088K, capacity 45076K, committed 45312K, reserved 1089536K
  class space    used 5658K, capacity 6020K, committed 6144K, reserved 1048576K
}

