# JRE version: OpenJDK Runtime Environment (11.0.8+10) (build 11.0.8+10-b944.6842174)
# Java VM: OpenJDK 64-Bit Server VM (11.0.8+10-b944.6842174, mixed mode, tiered, compressed oops, g1 gc, windows-amd64)
Heap:
 garbage-first heap   total 65536K, used 38875K [0x0000000080000000, 0x0000000100000000)
  region size 1024K, 25 young (25600K), 2 survivors (2048K)
 Metaspace       used 23027K, capacity 23553K, committed 23680K, reserved 1069056K
  class space    used 2937K, capacity 3143K, committed 3200K, reserved 1048576K
GC Heap History (8 events):
Event: 0.782 GC heap before
{Heap before GC invocations=0 (full 0):
 garbage-first heap   total 65536K, used 29696K [0x0000000080000000, 0x0000000100000000)
  region size 1024K, 24 young (24576K), 0 survivors (0K)
 Metaspace       used 10707K, capacity 10887K, committed 11008K, reserved 1058816K
  class space    used 1132K, capacity 1201K, committed 1280K, reserved 1048576K
}
Event: 0.792 GC heap after
{Heap after GC invocations=1 (full 0):
 garbage-first heap   total 65536K, used 8721K [0x0000000080000000, 0x0000000100000000)
  region size 1024K, 3 young (3072K), 3 survivors (3072K)
 Metaspace       used 10707K, capacity 10887K, committed 11008K, reserved 1058816K
  class space    used 1132K, capacity 1201K, committed 1280K, reserved 1048576K
}
Event: 1.096 GC heap before
{Heap before GC invocations=1 (full 0):
 garbage-first heap   total 65536K, used 39441K [0x0000000080000000, 0x0000000100000000)
  region size 1024K, 34 young (34816K), 3 survivors (3072K)
 Metaspace       used 11010K, capacity 11275K, committed 11520K, reserved 1058816K
  class space    used 1144K, capacity 1202K, committed 1280K, reserved 1048576K
}
Event: 1.103 GC heap after
{Heap after GC invocations=2 (full 0):
 garbage-first heap   total 65536K, used 12962K [0x0000000080000000, 0x0000000100000000)
  region size 1024K, 5 young (5120K), 5 survivors (5120K)
 Metaspace       used 11010K, capacity 11275K, committed 11520K, reserved 1058816K
  class space    used 1144K, capacity 1202K, committed 1280K, reserved 1048576K
}
Event: 2.163 GC heap before
{Heap before GC invocations=2 (full 0):
 garbage-first heap   total 65536K, used 39586K [0x0000000080000000, 0x0000000100000000)
  region size 1024K, 31 young (31744K), 5 survivors (5120K)
 Metaspace       used 17250K, capacity 17662K, committed 17792K, reserved 1064960K
  class space    used 2012K, capacity 2131K, committed 2176K, reserved 1048576K
}
Event: 2.168 GC heap after
{Heap after GC invocations=3 (full 0):
 garbage-first heap   total 65536K, used 15362K [0x0000000080000000, 0x0000000100000000)
  region size 1024K, 3 young (3072K), 3 survivors (3072K)
 Metaspace       used 17250K, capacity 17662K, committed 17792K, reserved 1064960K
  class space    used 2012K, capacity 2131K, committed 2176K, reserved 1048576K
}
Event: 2.444 GC heap before
{Heap before GC invocations=3 (full 0):
 garbage-first heap   total 65536K, used 40962K [0x0000000080000000, 0x0000000100000000)
  region size 1024K, 29 young (29696K), 3 survivors (3072K)
 Metaspace       used 20648K, capacity 21112K, committed 21248K, reserved 1067008K
  class space    used 2534K, capacity 2711K, committed 2816K, reserved 1048576K
}
Event: 2.448 GC heap after
{Heap after GC invocations=4 (full 0):
 garbage-first heap   total 65536K, used 16347K [0x0000000080000000, 0x0000000100000000)
  region size 1024K, 2 young (2048K), 2 survivors (2048K)
 Metaspace       used 20648K, capacity 21112K, committed 21248K, reserved 1067008K
  class space    used 2534K, capacity 2711K, committed 2816K, reserved 1048576K
}

