# JRE version: OpenJDK Runtime Environment (11.0.8+10) (build 11.0.8+10-b944.6842174)
# Java VM: OpenJDK 64-Bit Server VM (11.0.8+10-b944.6842174, mixed mode, tiered, compressed oops, g1 gc, windows-amd64)
Heap:
 garbage-first heap   total 199680K, used 100061K [0x0000000080000000, 0x0000000100000000)
  region size 1024K, 19 young (19456K), 6 survivors (6144K)
 Metaspace       used 91484K, capacity 93916K, committed 94208K, reserved 1130496K
  class space    used 11882K, capacity 12757K, committed 12800K, reserved 1048576K
GC Heap History (20 events):
Event: 10.504 GC heap before
{Heap before GC invocations=36 (full 0):
 garbage-first heap   total 114688K, used 83416K [0x0000000080000000, 0x0000000100000000)
  region size 1024K, 26 young (26624K), 4 survivors (4096K)
 Metaspace       used 59925K, capacity 61540K, committed 61696K, reserved 1103872K
  class space    used 7631K, capacity 8165K, committed 8192K, reserved 1048576K
}
Event: 10.512 GC heap after
{Heap after GC invocations=37 (full 0):
 garbage-first heap   total 138240K, used 64980K [0x0000000080000000, 0x0000000100000000)
  region size 1024K, 3 young (3072K), 3 survivors (3072K)
 Metaspace       used 59925K, capacity 61540K, committed 61696K, reserved 1103872K
  class space    used 7631K, capacity 8165K, committed 8192K, reserved 1048576K
}
Event: 10.922 GC heap before
{Heap before GC invocations=38 (full 0):
 garbage-first heap   total 138240K, used 98772K [0x0000000080000000, 0x0000000100000000)
  region size 1024K, 35 young (35840K), 3 survivors (3072K)
 Metaspace       used 61593K, capacity 63299K, committed 63488K, reserved 1103872K
  class space    used 7848K, capacity 8404K, committed 8448K, reserved 1048576K
}
Event: 10.927 GC heap after
{Heap after GC invocations=39 (full 0):
 garbage-first heap   total 138240K, used 67425K [0x0000000080000000, 0x0000000100000000)
  region size 1024K, 5 young (5120K), 5 survivors (5120K)
 Metaspace       used 61593K, capacity 63299K, committed 63488K, reserved 1103872K
  class space    used 7848K, capacity 8404K, committed 8448K, reserved 1048576K
}
Event: 11.698 GC heap before
{Heap before GC invocations=39 (full 0):
 garbage-first heap   total 138240K, used 102241K [0x0000000080000000, 0x0000000100000000)
  region size 1024K, 39 young (39936K), 5 survivors (5120K)
 Metaspace       used 65886K, capacity 67694K, committed 67840K, reserved 1107968K
  class space    used 8578K, capacity 9162K, committed 9216K, reserved 1048576K
}
Event: 11.710 GC heap after
{Heap after GC invocations=40 (full 0):
 garbage-first heap   total 138240K, used 69446K [0x0000000080000000, 0x0000000100000000)
  region size 1024K, 3 young (3072K), 3 survivors (3072K)
 Metaspace       used 65886K, capacity 67694K, committed 67840K, reserved 1107968K
  class space    used 8578K, capacity 9162K, committed 9216K, reserved 1048576K
}
Event: 12.440 GC heap before
{Heap before GC invocations=41 (full 0):
 garbage-first heap   total 138240K, used 104262K [0x0000000080000000, 0x0000000100000000)
  region size 1024K, 37 young (37888K), 3 survivors (3072K)
 Metaspace       used 69088K, capacity 70816K, committed 71040K, reserved 1110016K
  class space    used 9012K, capacity 9559K, committed 9600K, reserved 1048576K
}
Event: 12.445 GC heap after
{Heap after GC invocations=42 (full 0):
 garbage-first heap   total 138240K, used 71073K [0x0000000080000000, 0x0000000100000000)
  region size 1024K, 4 young (4096K), 4 survivors (4096K)
 Metaspace       used 69088K, capacity 70816K, committed 71040K, reserved 1110016K
  class space    used 9012K, capacity 9559K, committed 9600K, reserved 1048576K
}
Event: 13.068 GC heap before
{Heap before GC invocations=42 (full 0):
 garbage-first heap   total 138240K, used 106913K [0x0000000080000000, 0x0000000100000000)
  region size 1024K, 39 young (39936K), 4 survivors (4096K)
 Metaspace       used 71865K, capacity 73717K, committed 73984K, reserved 1114112K
  class space    used 9324K, capacity 9943K, committed 9984K, reserved 1048576K
}
Event: 13.077 GC heap after
{Heap after GC invocations=43 (full 0):
 garbage-first heap   total 165888K, used 73130K [0x0000000080000000, 0x0000000100000000)
  region size 1024K, 4 young (4096K), 4 survivors (4096K)
 Metaspace       used 71865K, capacity 73717K, committed 73984K, reserved 1114112K
  class space    used 9324K, capacity 9943K, committed 9984K, reserved 1048576K
}
Event: 14.253 GC heap before
{Heap before GC invocations=44 (full 0):
 garbage-first heap   total 165888K, used 116138K [0x0000000080000000, 0x0000000100000000)
  region size 1024K, 46 young (47104K), 4 survivors (4096K)
 Metaspace       used 74690K, capacity 76719K, committed 77056K, reserved 1116160K
  class space    used 9756K, capacity 10393K, committed 10496K, reserved 1048576K
}
Event: 14.271 GC heap after
{Heap after GC invocations=45 (full 0):
 garbage-first heap   total 165888K, used 75877K [0x0000000080000000, 0x0000000100000000)
  region size 1024K, 5 young (5120K), 5 survivors (5120K)
 Metaspace       used 74690K, capacity 76719K, committed 77056K, reserved 1116160K
  class space    used 9756K, capacity 10393K, committed 10496K, reserved 1048576K
}
Event: 15.266 GC heap before
{Heap before GC invocations=45 (full 0):
 garbage-first heap   total 165888K, used 121957K [0x0000000080000000, 0x0000000100000000)
  region size 1024K, 50 young (51200K), 5 survivors (5120K)
 Metaspace       used 78676K, capacity 80745K, committed 80896K, reserved 1120256K
  class space    used 10348K, capacity 10976K, committed 11008K, reserved 1048576K
}
Event: 15.274 GC heap after
{Heap after GC invocations=46 (full 0):
 garbage-first heap   total 165888K, used 77967K [0x0000000080000000, 0x0000000100000000)
  region size 1024K, 5 young (5120K), 5 survivors (5120K)
 Metaspace       used 78676K, capacity 80745K, committed 80896K, reserved 1120256K
  class space    used 10348K, capacity 10976K, committed 11008K, reserved 1048576K
}
Event: 16.710 GC heap before
{Heap before GC invocations=46 (full 0):
 garbage-first heap   total 165888K, used 125071K [0x0000000080000000, 0x0000000100000000)
  region size 1024K, 52 young (53248K), 5 survivors (5120K)
 Metaspace       used 84070K, capacity 86112K, committed 86400K, reserved 1124352K
  class space    used 10941K, capacity 11600K, committed 11648K, reserved 1048576K
}
Event: 16.726 GC heap after
{Heap after GC invocations=47 (full 0):
 garbage-first heap   total 165888K, used 82099K [0x0000000080000000, 0x0000000100000000)
  region size 1024K, 7 young (7168K), 7 survivors (7168K)
 Metaspace       used 84070K, capacity 86112K, committed 86400K, reserved 1124352K
  class space    used 10941K, capacity 11600K, committed 11648K, reserved 1048576K
}
Event: 17.385 GC heap before
{Heap before GC invocations=47 (full 0):
 garbage-first heap   total 165888K, used 129203K [0x0000000080000000, 0x0000000100000000)
  region size 1024K, 54 young (55296K), 7 survivors (7168K)
 Metaspace       used 85220K, capacity 87524K, committed 87808K, reserved 1124352K
  class space    used 11141K, capacity 11922K, committed 12032K, reserved 1048576K
}
Event: 17.401 GC heap after
{Heap after GC invocations=48 (full 0):
 garbage-first heap   total 199680K, used 84785K [0x0000000080000000, 0x0000000100000000)
  region size 1024K, 3 young (3072K), 3 survivors (3072K)
 Metaspace       used 85220K, capacity 87524K, committed 87808K, reserved 1124352K
  class space    used 11141K, capacity 11922K, committed 12032K, reserved 1048576K
}
Event: 19.703 GC heap before
{Heap before GC invocations=49 (full 0):
 garbage-first heap   total 199680K, used 146225K [0x0000000080000000, 0x0000000100000000)
  region size 1024K, 63 young (64512K), 3 survivors (3072K)
 Metaspace       used 90737K, capacity 93292K, committed 93440K, reserved 1130496K
  class space    used 11776K, capacity 12698K, committed 12800K, reserved 1048576K
}
Event: 19.726 GC heap after
{Heap after GC invocations=50 (full 0):
 garbage-first heap   total 199680K, used 87773K [0x0000000080000000, 0x0000000100000000)
  region size 1024K, 6 young (6144K), 6 survivors (6144K)
 Metaspace       used 90737K, capacity 93292K, committed 93440K, reserved 1130496K
  class space    used 11776K, capacity 12698K, committed 12800K, reserved 1048576K
}

