# JRE version: OpenJDK Runtime Environment (11.0.8+10) (build 11.0.8+10-b944.6842174)
# Java VM: OpenJDK 64-Bit Server VM (11.0.8+10-b944.6842174, mixed mode, tiered, compressed oops, g1 gc, windows-amd64)
Heap:
 garbage-first heap   total 78848K, used 27120K [0x0000000080000000, 0x0000000100000000)
  region size 1024K, 3 young (3072K), 3 survivors (3072K)
 Metaspace       used 44169K, capacity 45172K, committed 45312K, reserved 1089536K
  class space    used 5669K, capacity 6025K, committed 6144K, reserved 1048576K
GC Heap History (20 events):
Event: 1.038 GC heap after
{Heap after GC invocations=2 (full 0):
 garbage-first heap   total 65536K, used 13231K [0x0000000080000000, 0x0000000100000000)
  region size 1024K, 5 young (5120K), 5 survivors (5120K)
 Metaspace       used 11008K, capacity 11211K, committed 11520K, reserved 1058816K
  class space    used 1146K, capacity 1202K, committed 1280K, reserved 1048576K
}
Event: 2.069 GC heap before
{Heap before GC invocations=2 (full 0):
 garbage-first heap   total 65536K, used 39855K [0x0000000080000000, 0x0000000100000000)
  region size 1024K, 31 young (31744K), 5 survivors (5120K)
 Metaspace       used 17271K, capacity 17630K, committed 17792K, reserved 1064960K
  class space    used 2020K, capacity 2163K, committed 2176K, reserved 1048576K
}
Event: 2.074 GC heap after
{Heap after GC invocations=3 (full 0):
 garbage-first heap   total 65536K, used 15374K [0x0000000080000000, 0x0000000100000000)
  region size 1024K, 3 young (3072K), 3 survivors (3072K)
 Metaspace       used 17271K, capacity 17630K, committed 17792K, reserved 1064960K
  class space    used 2020K, capacity 2163K, committed 2176K, reserved 1048576K
}
Event: 2.400 GC heap before
{Heap before GC invocations=3 (full 0):
 garbage-first heap   total 65536K, used 38926K [0x0000000080000000, 0x0000000100000000)
  region size 1024K, 28 young (28672K), 3 survivors (3072K)
 Metaspace       used 20629K, capacity 21112K, committed 21248K, reserved 1067008K
  class space    used 2533K, capacity 2711K, committed 2816K, reserved 1048576K
}
Event: 2.404 GC heap after
{Heap after GC invocations=4 (full 0):
 garbage-first heap   total 65536K, used 16320K [0x0000000080000000, 0x0000000100000000)
  region size 1024K, 2 young (2048K), 2 survivors (2048K)
 Metaspace       used 20629K, capacity 21112K, committed 21248K, reserved 1067008K
  class space    used 2533K, capacity 2711K, committed 2816K, reserved 1048576K
}
Event: 2.894 GC heap before
{Heap before GC invocations=5 (full 0):
 garbage-first heap   total 65536K, used 44992K [0x0000000080000000, 0x0000000100000000)
  region size 1024K, 30 young (30720K), 2 survivors (2048K)
 Metaspace       used 24077K, capacity 24676K, committed 24832K, reserved 1071104K
  class space    used 3069K, capacity 3263K, committed 3328K, reserved 1048576K
}
Event: 2.897 GC heap after
{Heap after GC invocations=6 (full 0):
 garbage-first heap   total 65536K, used 17644K [0x0000000080000000, 0x0000000100000000)
  region size 1024K, 3 young (3072K), 3 survivors (3072K)
 Metaspace       used 24077K, capacity 24676K, committed 24832K, reserved 1071104K
  class space    used 3069K, capacity 3263K, committed 3328K, reserved 1048576K
}
Event: 3.226 GC heap before
{Heap before GC invocations=6 (full 0):
 garbage-first heap   total 65536K, used 47340K [0x0000000080000000, 0x0000000100000000)
  region size 1024K, 32 young (32768K), 3 survivors (3072K)
 Metaspace       used 27003K, capacity 27586K, committed 27648K, reserved 1073152K
  class space    used 3555K, capacity 3789K, committed 3840K, reserved 1048576K
}
Event: 3.229 GC heap after
{Heap after GC invocations=7 (full 0):
 garbage-first heap   total 65536K, used 18403K [0x0000000080000000, 0x0000000100000000)
  region size 1024K, 3 young (3072K), 3 survivors (3072K)
 Metaspace       used 27003K, capacity 27586K, committed 27648K, reserved 1073152K
  class space    used 3555K, capacity 3789K, committed 3840K, reserved 1048576K
}
Event: 3.695 GC heap before
{Heap before GC invocations=7 (full 0):
 garbage-first heap   total 65536K, used 47075K [0x0000000080000000, 0x0000000100000000)
  region size 1024K, 32 young (32768K), 3 survivors (3072K)
 Metaspace       used 33354K, capacity 34040K, committed 34304K, reserved 1079296K
  class space    used 4317K, capacity 4554K, committed 4608K, reserved 1048576K
}
Event: 3.699 GC heap after
{Heap after GC invocations=8 (full 0):
 garbage-first heap   total 65536K, used 20784K [0x0000000080000000, 0x0000000100000000)
  region size 1024K, 4 young (4096K), 4 survivors (4096K)
 Metaspace       used 33354K, capacity 34040K, committed 34304K, reserved 1079296K
  class space    used 4317K, capacity 4554K, committed 4608K, reserved 1048576K
}
Event: 3.861 GC heap before
{Heap before GC invocations=8 (full 0):
 garbage-first heap   total 65536K, used 30000K [0x0000000080000000, 0x0000000100000000)
  region size 1024K, 14 young (14336K), 4 survivors (4096K)
 Metaspace       used 35088K, capacity 35776K, committed 35840K, reserved 1081344K
  class space    used 4567K, capacity 4857K, committed 4864K, reserved 1048576K
}
Event: 3.869 GC heap after
{Heap after GC invocations=9 (full 0):
 garbage-first heap   total 65536K, used 21678K [0x0000000080000000, 0x0000000100000000)
  region size 1024K, 1 young (1024K), 1 survivors (1024K)
 Metaspace       used 35088K, capacity 35776K, committed 35840K, reserved 1081344K
  class space    used 4567K, capacity 4857K, committed 4864K, reserved 1048576K
}
Event: 4.299 GC heap before
{Heap before GC invocations=10 (full 0):
 garbage-first heap   total 65536K, used 51374K [0x0000000080000000, 0x0000000100000000)
  region size 1024K, 28 young (28672K), 1 survivors (1024K)
 Metaspace       used 38249K, capacity 38998K, committed 39040K, reserved 1083392K
  class space    used 4940K, capacity 5241K, committed 5248K, reserved 1048576K
}
Event: 4.302 GC heap after
{Heap after GC invocations=11 (full 0):
 garbage-first heap   total 65536K, used 22965K [0x0000000080000000, 0x0000000100000000)
  region size 1024K, 3 young (3072K), 3 survivors (3072K)
 Metaspace       used 38249K, capacity 38998K, committed 39040K, reserved 1083392K
  class space    used 4940K, capacity 5241K, committed 5248K, reserved 1048576K
}
Event: 4.637 GC heap before
{Heap before GC invocations=11 (full 0):
 garbage-first heap   total 65536K, used 49589K [0x0000000080000000, 0x0000000100000000)
  region size 1024K, 29 young (29696K), 3 survivors (3072K)
 Metaspace       used 40551K, capacity 41441K, committed 41600K, reserved 1085440K
  class space    used 5187K, capacity 5502K, committed 5504K, reserved 1048576K
}
Event: 4.641 GC heap after
{Heap after GC invocations=12 (full 0):
 garbage-first heap   total 65536K, used 24462K [0x0000000080000000, 0x0000000100000000)
  region size 1024K, 3 young (3072K), 3 survivors (3072K)
 Metaspace       used 40551K, capacity 41441K, committed 41600K, reserved 1085440K
  class space    used 5187K, capacity 5502K, committed 5504K, reserved 1048576K
}
Event: 5.006 GC heap before
{Heap before GC invocations=12 (full 0):
 garbage-first heap   total 65536K, used 50062K [0x0000000080000000, 0x0000000100000000)
  region size 1024K, 29 young (29696K), 3 survivors (3072K)
 Metaspace       used 42945K, capacity 43851K, committed 44032K, reserved 1087488K
  class space    used 5531K, capacity 5864K, committed 5888K, reserved 1048576K
}
Event: 5.011 GC heap after
{Heap after GC invocations=13 (full 0):
 garbage-first heap   total 65536K, used 25503K [0x0000000080000000, 0x0000000100000000)
  region size 1024K, 3 young (3072K), 3 survivors (3072K)
 Metaspace       used 42945K, capacity 43851K, committed 44032K, reserved 1087488K
  class space    used 5531K, capacity 5864K, committed 5888K, reserved 1048576K
}
Event: 5.649 GC heap before
{Heap before GC invocations=13 (full 0):
 garbage-first heap   total 65536K, used 51103K [0x0000000080000000, 0x0000000100000000)
  region size 1024K, 28 young (28672K), 3 survivors (3072K)
 Metaspace       used 44169K, capacity 45172K, committed 45312K, reserved 1089536K
  class space    used 5669K, capacity 6025K, committed 6144K, reserved 1048576K
}

