# JRE version: OpenJDK Runtime Environment (11.0.8+10) (build 11.0.8+10-b944.6842174)
# Java VM: OpenJDK 64-Bit Server VM (11.0.8+10-b944.6842174, mixed mode, tiered, compressed oops, g1 gc, windows-amd64)
Heap:
 garbage-first heap   total 65536K, used 23872K [0x0000000080000000, 0x0000000100000000)
  region size 1024K, 9 young (9216K), 3 survivors (3072K)
 Metaspace       used 27605K, capacity 28275K, committed 28544K, reserved 1077248K
  class space    used 3642K, capacity 3890K, committed 3968K, reserved 1048576K
GC Heap History (12 events):
Event: 0.778 GC heap before
{Heap before GC invocations=0 (full 0):
 garbage-first heap   total 65536K, used 29696K [0x0000000080000000, 0x0000000100000000)
  region size 1024K, 24 young (24576K), 0 survivors (0K)
 Metaspace       used 10703K, capacity 10887K, committed 11008K, reserved 1058816K
  class space    used 1132K, capacity 1201K, committed 1280K, reserved 1048576K
}
Event: 0.785 GC heap after
{Heap after GC invocations=1 (full 0):
 garbage-first heap   total 65536K, used 8594K [0x0000000080000000, 0x0000000100000000)
  region size 1024K, 3 young (3072K), 3 survivors (3072K)
 Metaspace       used 10703K, capacity 10887K, committed 11008K, reserved 1058816K
  class space    used 1132K, capacity 1201K, committed 1280K, reserved 1048576K
}
Event: 1.121 GC heap before
{Heap before GC invocations=1 (full 0):
 garbage-first heap   total 65536K, used 39314K [0x0000000080000000, 0x0000000100000000)
  region size 1024K, 34 young (34816K), 3 survivors (3072K)
 Metaspace       used 11000K, capacity 11211K, committed 11520K, reserved 1058816K
  class space    used 1144K, capacity 1202K, committed 1280K, reserved 1048576K
}
Event: 1.126 GC heap after
{Heap after GC invocations=2 (full 0):
 garbage-first heap   total 65536K, used 12985K [0x0000000080000000, 0x0000000100000000)
  region size 1024K, 5 young (5120K), 5 survivors (5120K)
 Metaspace       used 11000K, capacity 11211K, committed 11520K, reserved 1058816K
  class space    used 1144K, capacity 1202K, committed 1280K, reserved 1048576K
}
Event: 2.253 GC heap before
{Heap before GC invocations=2 (full 0):
 garbage-first heap   total 65536K, used 39609K [0x0000000080000000, 0x0000000100000000)
  region size 1024K, 31 young (31744K), 5 survivors (5120K)
 Metaspace       used 17241K, capacity 17694K, committed 17792K, reserved 1064960K
  class space    used 2012K, capacity 2163K, committed 2176K, reserved 1048576K
}
Event: 2.258 GC heap after
{Heap after GC invocations=3 (full 0):
 garbage-first heap   total 65536K, used 15657K [0x0000000080000000, 0x0000000100000000)
  region size 1024K, 3 young (3072K), 3 survivors (3072K)
 Metaspace       used 17241K, capacity 17694K, committed 17792K, reserved 1064960K
  class space    used 2012K, capacity 2163K, committed 2176K, reserved 1048576K
}
Event: 2.550 GC heap before
{Heap before GC invocations=3 (full 0):
 garbage-first heap   total 65536K, used 40233K [0x0000000080000000, 0x0000000100000000)
  region size 1024K, 29 young (29696K), 3 survivors (3072K)
 Metaspace       used 20641K, capacity 21112K, committed 21248K, reserved 1067008K
  class space    used 2535K, capacity 2711K, committed 2816K, reserved 1048576K
}
Event: 2.554 GC heap after
{Heap after GC invocations=4 (full 0):
 garbage-first heap   total 65536K, used 16592K [0x0000000080000000, 0x0000000100000000)
  region size 1024K, 2 young (2048K), 2 survivors (2048K)
 Metaspace       used 20641K, capacity 21112K, committed 21248K, reserved 1067008K
  class space    used 2535K, capacity 2711K, committed 2816K, reserved 1048576K
}
Event: 2.900 GC heap before
{Heap before GC invocations=5 (full 0):
 garbage-first heap   total 65536K, used 44240K [0x0000000080000000, 0x0000000100000000)
  region size 1024K, 30 young (30720K), 2 survivors (2048K)
 Metaspace       used 24083K, capacity 24676K, committed 24832K, reserved 1071104K
  class space    used 3069K, capacity 3263K, committed 3328K, reserved 1048576K
}
Event: 2.903 GC heap after
{Heap after GC invocations=6 (full 0):
 garbage-first heap   total 65536K, used 17897K [0x0000000080000000, 0x0000000100000000)
  region size 1024K, 3 young (3072K), 3 survivors (3072K)
 Metaspace       used 24083K, capacity 24676K, committed 24832K, reserved 1071104K
  class space    used 3069K, capacity 3263K, committed 3328K, reserved 1048576K
}
Event: 3.282 GC heap before
{Heap before GC invocations=6 (full 0):
 garbage-first heap   total 65536K, used 47593K [0x0000000080000000, 0x0000000100000000)
  region size 1024K, 32 young (32768K), 3 survivors (3072K)
 Metaspace       used 27008K, capacity 27650K, committed 27904K, reserved 1073152K
  class space    used 3555K, capacity 3789K, committed 3840K, reserved 1048576K
}
Event: 3.285 GC heap after
{Heap after GC invocations=7 (full 0):
 garbage-first heap   total 65536K, used 18752K [0x0000000080000000, 0x0000000100000000)
  region size 1024K, 3 young (3072K), 3 survivors (3072K)
 Metaspace       used 27008K, capacity 27650K, committed 27904K, reserved 1073152K
  class space    used 3555K, capacity 3789K, committed 3840K, reserved 1048576K
}

