# JRE version: OpenJDK Runtime Environment (11.0.8+10) (build 11.0.8+10-b944.6842174)
# Java VM: OpenJDK 64-Bit Server VM (11.0.8+10-b944.6842174, mixed mode, tiered, compressed oops, g1 gc, windows-amd64)
Heap:
 garbage-first heap   total 217088K, used 144612K [0x0000000080000000, 0x0000000100000000)
  region size 1024K, 57 young (58368K), 7 survivors (7168K)
 Metaspace       used 100411K, capacity 103285K, committed 103372K, reserved 1138688K
  class space    used 12684K, capacity 13693K, committed 13772K, reserved 1048576K
GC Heap History (20 events):
Event: 11.571 GC heap before
{Heap before GC invocations=34 (full 0):
 garbage-first heap   total 138240K, used 100293K [0x0000000080000000, 0x0000000100000000)
  region size 1024K, 36 young (36864K), 5 survivors (5120K)
 Metaspace       used 64866K, capacity 66551K, committed 66636K, reserved 1107968K
  class space    used 8136K, capacity 8696K, committed 8780K, reserved 1048576K
}
Event: 11.596 GC heap after
{Heap after GC invocations=35 (full 0):
 garbage-first heap   total 138240K, used 70677K [0x0000000080000000, 0x0000000100000000)
  region size 1024K, 4 young (4096K), 4 survivors (4096K)
 Metaspace       used 64866K, capacity 66551K, committed 66636K, reserved 1107968K
  class space    used 8136K, capacity 8696K, committed 8780K, reserved 1048576K
}
Event: 12.100 GC heap before
{Heap before GC invocations=35 (full 0):
 garbage-first heap   total 138240K, used 102421K [0x0000000080000000, 0x0000000100000000)
  region size 1024K, 35 young (35840K), 4 survivors (4096K)
 Metaspace       used 68968K, capacity 70764K, committed 70988K, reserved 1110016K
  class space    used 8837K, capacity 9414K, committed 9548K, reserved 1048576K
}
Event: 12.106 GC heap after
{Heap after GC invocations=36 (full 0):
 garbage-first heap   total 138240K, used 72619K [0x0000000080000000, 0x0000000100000000)
  region size 1024K, 2 young (2048K), 2 survivors (2048K)
 Metaspace       used 68968K, capacity 70764K, committed 70988K, reserved 1110016K
  class space    used 8837K, capacity 9414K, committed 9548K, reserved 1048576K
}
Event: 12.518 GC heap before
{Heap before GC invocations=37 (full 0):
 garbage-first heap   total 138240K, used 105387K [0x0000000080000000, 0x0000000100000000)
  region size 1024K, 34 young (34816K), 2 survivors (2048K)
 Metaspace       used 71742K, capacity 73429K, committed 73548K, reserved 1114112K
  class space    used 9235K, capacity 9761K, committed 9804K, reserved 1048576K
}
Event: 12.523 GC heap after
{Heap after GC invocations=38 (full 0):
 garbage-first heap   total 138240K, used 74023K [0x0000000080000000, 0x0000000100000000)
  region size 1024K, 4 young (4096K), 4 survivors (4096K)
 Metaspace       used 71742K, capacity 73429K, committed 73548K, reserved 1114112K
  class space    used 9235K, capacity 9761K, committed 9804K, reserved 1048576K
}
Event: 13.066 GC heap before
{Heap before GC invocations=38 (full 0):
 garbage-first heap   total 138240K, used 106791K [0x0000000080000000, 0x0000000100000000)
  region size 1024K, 36 young (36864K), 4 survivors (4096K)
 Metaspace       used 75129K, capacity 76947K, committed 77132K, reserved 1116160K
  class space    used 9630K, capacity 10271K, committed 10316K, reserved 1048576K
}
Event: 13.077 GC heap after
{Heap after GC invocations=39 (full 0):
 garbage-first heap   total 138240K, used 75834K [0x0000000080000000, 0x0000000100000000)
  region size 1024K, 4 young (4096K), 4 survivors (4096K)
 Metaspace       used 75129K, capacity 76947K, committed 77132K, reserved 1116160K
  class space    used 9630K, capacity 10271K, committed 10316K, reserved 1048576K
}
Event: 13.566 GC heap before
{Heap before GC invocations=40 (full 0):
 garbage-first heap   total 138240K, used 108602K [0x0000000080000000, 0x0000000100000000)
  region size 1024K, 36 young (36864K), 4 survivors (4096K)
 Metaspace       used 76783K, capacity 78740K, committed 78924K, reserved 1118208K
  class space    used 9870K, capacity 10492K, committed 10572K, reserved 1048576K
}
Event: 13.576 GC heap after
{Heap after GC invocations=41 (full 0):
 garbage-first heap   total 180224K, used 78096K [0x0000000080000000, 0x0000000100000000)
  region size 1024K, 4 young (4096K), 4 survivors (4096K)
 Metaspace       used 76783K, capacity 78740K, committed 78924K, reserved 1118208K
  class space    used 9870K, capacity 10492K, committed 10572K, reserved 1048576K
}
Event: 14.248 GC heap before
{Heap before GC invocations=41 (full 0):
 garbage-first heap   total 180224K, used 127248K [0x0000000080000000, 0x0000000100000000)
  region size 1024K, 52 young (53248K), 4 survivors (4096K)
 Metaspace       used 80658K, capacity 82605K, committed 82764K, reserved 1120256K
  class space    used 10413K, capacity 11065K, committed 11084K, reserved 1048576K
}
Event: 14.257 GC heap after
{Heap after GC invocations=42 (full 0):
 garbage-first heap   total 180224K, used 80805K [0x0000000080000000, 0x0000000100000000)
  region size 1024K, 5 young (5120K), 5 survivors (5120K)
 Metaspace       used 80658K, capacity 82605K, committed 82764K, reserved 1120256K
  class space    used 10413K, capacity 11065K, committed 11084K, reserved 1048576K
}
Event: 15.045 GC heap before
{Heap before GC invocations=42 (full 0):
 garbage-first heap   total 180224K, used 134053K [0x0000000080000000, 0x0000000100000000)
  region size 1024K, 57 young (58368K), 5 survivors (5120K)
 Metaspace       used 85473K, capacity 87536K, committed 87884K, reserved 1126400K
  class space    used 11074K, capacity 11739K, committed 11852K, reserved 1048576K
}
Event: 15.057 GC heap after
{Heap after GC invocations=43 (full 0):
 garbage-first heap   total 180224K, used 84755K [0x0000000080000000, 0x0000000100000000)
  region size 1024K, 7 young (7168K), 7 survivors (7168K)
 Metaspace       used 85473K, capacity 87536K, committed 87884K, reserved 1126400K
  class space    used 11074K, capacity 11739K, committed 11852K, reserved 1048576K
}
Event: 15.936 GC heap before
{Heap before GC invocations=43 (full 0):
 garbage-first heap   total 180224K, used 138003K [0x0000000080000000, 0x0000000100000000)
  region size 1024K, 60 young (61440K), 7 survivors (7168K)
 Metaspace       used 90430K, capacity 92839K, committed 93004K, reserved 1130496K
  class space    used 11735K, capacity 12520K, committed 12620K, reserved 1048576K
}
Event: 15.952 GC heap after
{Heap after GC invocations=44 (full 0):
 garbage-first heap   total 180224K, used 88063K [0x0000000080000000, 0x0000000100000000)
  region size 1024K, 7 young (7168K), 7 survivors (7168K)
 Metaspace       used 90430K, capacity 92839K, committed 93004K, reserved 1130496K
  class space    used 11735K, capacity 12520K, committed 12620K, reserved 1048576K
}
Event: 17.063 GC heap before
{Heap before GC invocations=44 (full 0):
 garbage-first heap   total 180224K, used 145407K [0x0000000080000000, 0x0000000100000000)
  region size 1024K, 64 young (65536K), 7 survivors (7168K)
 Metaspace       used 93665K, capacity 96137K, committed 96460K, reserved 1132544K
  class space    used 12104K, capacity 12905K, committed 13004K, reserved 1048576K
}
Event: 17.081 GC heap after
{Heap after GC invocations=45 (full 0):
 garbage-first heap   total 217088K, used 91443K [0x0000000080000000, 0x0000000100000000)
  region size 1024K, 7 young (7168K), 7 survivors (7168K)
 Metaspace       used 93665K, capacity 96137K, committed 96460K, reserved 1132544K
  class space    used 12104K, capacity 12905K, committed 13004K, reserved 1048576K
}
Event: 61.819 GC heap before
{Heap before GC invocations=45 (full 0):
 garbage-first heap   total 217088K, used 158003K [0x0000000080000000, 0x0000000100000000)
  region size 1024K, 72 young (73728K), 7 survivors (7168K)
 Metaspace       used 99579K, capacity 102388K, committed 102604K, reserved 1138688K
  class space    used 12637K, capacity 13645K, committed 13772K, reserved 1048576K
}
Event: 61.947 GC heap after
{Heap after GC invocations=46 (full 0):
 garbage-first heap   total 217088K, used 94436K [0x0000000080000000, 0x0000000100000000)
  region size 1024K, 7 young (7168K), 7 survivors (7168K)
 Metaspace       used 99579K, capacity 102388K, committed 102604K, reserved 1138688K
  class space    used 12637K, capacity 13645K, committed 13772K, reserved 1048576K
}

