# JRE version: OpenJDK Runtime Environment (11.0.8+10) (build 11.0.8+10-b944.6842174)
# Java VM: OpenJDK 64-Bit Server VM (11.0.8+10-b944.6842174, mixed mode, tiered, compressed oops, g1 gc, windows-amd64)
Heap:
 garbage-first heap   total 95232K, used 38584K [0x0000000080000000, 0x0000000100000000)
  region size 1024K, 1 young (1024K), 1 survivors (1024K)
 Metaspace       used 50553K, capacity 51738K, committed 51968K, reserved 1093632K
  class space    used 6437K, capacity 6838K, committed 6912K, reserved 1048576K
GC Heap History (20 events):
Event: 2.546 GC heap after
{Heap after GC invocations=4 (full 0):
 garbage-first heap   total 65536K, used 16474K [0x0000000080000000, 0x0000000100000000)
  region size 1024K, 2 young (2048K), 2 survivors (2048K)
 Metaspace       used 20624K, capacity 21112K, committed 21248K, reserved 1067008K
  class space    used 2535K, capacity 2711K, committed 2816K, reserved 1048576K
}
Event: 2.942 GC heap before
{Heap before GC invocations=5 (full 0):
 garbage-first heap   total 65536K, used 45146K [0x0000000080000000, 0x0000000100000000)
  region size 1024K, 31 young (31744K), 2 survivors (2048K)
 Metaspace       used 24189K, capacity 24743K, committed 24832K, reserved 1071104K
  class space    used 3092K, capacity 3264K, committed 3328K, reserved 1048576K
}
Event: 2.944 GC heap after
{Heap after GC invocations=6 (full 0):
 garbage-first heap   total 65536K, used 17633K [0x0000000080000000, 0x0000000100000000)
  region size 1024K, 3 young (3072K), 3 survivors (3072K)
 Metaspace       used 24189K, capacity 24743K, committed 24832K, reserved 1071104K
  class space    used 3092K, capacity 3264K, committed 3328K, reserved 1048576K
}
Event: 3.362 GC heap before
{Heap before GC invocations=6 (full 0):
 garbage-first heap   total 65536K, used 47329K [0x0000000080000000, 0x0000000100000000)
  region size 1024K, 32 young (32768K), 3 survivors (3072K)
 Metaspace       used 27167K, capacity 27810K, committed 27904K, reserved 1073152K
  class space    used 3584K, capacity 3821K, committed 3840K, reserved 1048576K
}
Event: 3.365 GC heap after
{Heap after GC invocations=7 (full 0):
 garbage-first heap   total 65536K, used 18742K [0x0000000080000000, 0x0000000100000000)
  region size 1024K, 3 young (3072K), 3 survivors (3072K)
 Metaspace       used 27167K, capacity 27810K, committed 27904K, reserved 1073152K
  class space    used 3584K, capacity 3821K, committed 3840K, reserved 1048576K
}
Event: 3.880 GC heap before
{Heap before GC invocations=7 (full 0):
 garbage-first heap   total 65536K, used 48438K [0x0000000080000000, 0x0000000100000000)
  region size 1024K, 33 young (33792K), 3 survivors (3072K)
 Metaspace       used 33768K, capacity 34468K, committed 34688K, reserved 1079296K
  class space    used 4374K, capacity 4634K, committed 4736K, reserved 1048576K
}
Event: 3.885 GC heap after
{Heap after GC invocations=8 (full 0):
 garbage-first heap   total 65536K, used 21152K [0x0000000080000000, 0x0000000100000000)
  region size 1024K, 5 young (5120K), 5 survivors (5120K)
 Metaspace       used 33768K, capacity 34468K, committed 34688K, reserved 1079296K
  class space    used 4374K, capacity 4634K, committed 4736K, reserved 1048576K
}
Event: 4.116 GC heap before
{Heap before GC invocations=8 (full 0):
 garbage-first heap   total 65536K, used 28320K [0x0000000080000000, 0x0000000100000000)
  region size 1024K, 13 young (13312K), 5 survivors (5120K)
 Metaspace       used 35087K, capacity 35776K, committed 35840K, reserved 1081344K
  class space    used 4571K, capacity 4857K, committed 4864K, reserved 1048576K
}
Event: 4.123 GC heap after
{Heap after GC invocations=9 (full 0):
 garbage-first heap   total 65536K, used 21770K [0x0000000080000000, 0x0000000100000000)
  region size 1024K, 4 young (4096K), 4 survivors (4096K)
 Metaspace       used 35087K, capacity 35776K, committed 35840K, reserved 1081344K
  class space    used 4571K, capacity 4857K, committed 4864K, reserved 1048576K
}
Event: 4.393 GC heap before
{Heap before GC invocations=10 (full 0):
 garbage-first heap   total 65536K, used 44298K [0x0000000080000000, 0x0000000100000000)
  region size 1024K, 24 young (24576K), 4 survivors (4096K)
 Metaspace       used 37363K, capacity 38194K, committed 38400K, reserved 1083392K
  class space    used 4797K, capacity 5101K, committed 5120K, reserved 1048576K
}
Event: 4.399 GC heap after
{Heap after GC invocations=11 (full 0):
 garbage-first heap   total 78848K, used 23217K [0x0000000080000000, 0x0000000100000000)
  region size 1024K, 3 young (3072K), 3 survivors (3072K)
 Metaspace       used 37363K, capacity 38194K, committed 38400K, reserved 1083392K
  class space    used 4797K, capacity 5101K, committed 5120K, reserved 1048576K
}
Event: 4.747 GC heap before
{Heap before GC invocations=11 (full 0):
 garbage-first heap   total 78848K, used 52913K [0x0000000080000000, 0x0000000100000000)
  region size 1024K, 32 young (32768K), 3 survivors (3072K)
 Metaspace       used 40162K, capacity 40982K, committed 41088K, reserved 1085440K
  class space    used 5126K, capacity 5434K, committed 5504K, reserved 1048576K
}
Event: 4.751 GC heap after
{Heap after GC invocations=12 (full 0):
 garbage-first heap   total 78848K, used 24428K [0x0000000080000000, 0x0000000100000000)
  region size 1024K, 4 young (4096K), 4 survivors (4096K)
 Metaspace       used 40162K, capacity 40982K, committed 41088K, reserved 1085440K
  class space    used 5126K, capacity 5434K, committed 5504K, reserved 1048576K
}
Event: 5.272 GC heap before
{Heap before GC invocations=12 (full 0):
 garbage-first heap   total 78848K, used 55148K [0x0000000080000000, 0x0000000100000000)
  region size 1024K, 34 young (34816K), 4 survivors (4096K)
 Metaspace       used 42954K, capacity 43851K, committed 44032K, reserved 1087488K
  class space    used 5532K, capacity 5864K, committed 5888K, reserved 1048576K
}
Event: 5.278 GC heap after
{Heap after GC invocations=13 (full 0):
 garbage-first heap   total 78848K, used 25712K [0x0000000080000000, 0x0000000100000000)
  region size 1024K, 3 young (3072K), 3 survivors (3072K)
 Metaspace       used 42954K, capacity 43851K, committed 44032K, reserved 1087488K
  class space    used 5532K, capacity 5864K, committed 5888K, reserved 1048576K
}
Event: 5.929 GC heap before
{Heap before GC invocations=13 (full 0):
 garbage-first heap   total 78848K, used 56432K [0x0000000080000000, 0x0000000100000000)
  region size 1024K, 34 young (34816K), 3 survivors (3072K)
 Metaspace       used 44282K, capacity 45315K, committed 45568K, reserved 1089536K
  class space    used 5677K, capacity 6029K, committed 6144K, reserved 1048576K
}
Event: 5.937 GC heap after
{Heap after GC invocations=14 (full 0):
 garbage-first heap   total 78848K, used 27346K [0x0000000080000000, 0x0000000100000000)
  region size 1024K, 3 young (3072K), 3 survivors (3072K)
 Metaspace       used 44282K, capacity 45315K, committed 45568K, reserved 1089536K
  class space    used 5677K, capacity 6029K, committed 6144K, reserved 1048576K
}
Event: 6.628 GC heap before
{Heap before GC invocations=14 (full 0):
 garbage-first heap   total 78848K, used 61138K [0x0000000080000000, 0x0000000100000000)
  region size 1024K, 34 young (34816K), 3 survivors (3072K)
 Metaspace       used 46863K, capacity 48040K, committed 48256K, reserved 1091584K
  class space    used 5989K, capacity 6412K, committed 6528K, reserved 1048576K
}
Event: 6.640 GC heap after
{Heap after GC invocations=15 (full 0):
 garbage-first heap   total 78848K, used 37211K [0x0000000080000000, 0x0000000100000000)
  region size 1024K, 5 young (5120K), 5 survivors (5120K)
 Metaspace       used 46863K, capacity 48040K, committed 48256K, reserved 1091584K
  class space    used 5989K, capacity 6412K, committed 6528K, reserved 1048576K
}
Event: 7.162 GC heap before
{Heap before GC invocations=15 (full 0):
 garbage-first heap   total 78848K, used 61787K [0x0000000080000000, 0x0000000100000000)
  region size 1024K, 29 young (29696K), 5 survivors (5120K)
 Metaspace       used 50553K, capacity 51738K, committed 51968K, reserved 1093632K
  class space    used 6437K, capacity 6838K, committed 6912K, reserved 1048576K
}

