# JRE version: OpenJDK Runtime Environment (11.0.8+10) (build 11.0.8+10-b944.6842174)
# Java VM: OpenJDK 64-Bit Server VM (11.0.8+10-b944.6842174, mixed mode, tiered, compressed oops, g1 gc, windows-amd64)
Heap:
 garbage-first heap   total 78848K, used 44719K [0x0000000080000000, 0x0000000100000000)
  region size 1024K, 24 young (24576K), 3 survivors (3072K)
 Metaspace       used 41306K, capacity 42148K, committed 42240K, reserved 1085440K
  class space    used 5304K, capacity 5611K, committed 5632K, reserved 1048576K
GC Heap History (20 events):
Event: 0.901 GC heap before
{Heap before GC invocations=0 (full 0):
 garbage-first heap   total 65536K, used 29696K [0x0000000080000000, 0x0000000100000000)
  region size 1024K, 24 young (24576K), 0 survivors (0K)
 Metaspace       used 10699K, capacity 10887K, committed 11008K, reserved 1058816K
  class space    used 1130K, capacity 1201K, committed 1280K, reserved 1048576K
}
Event: 0.909 GC heap after
{Heap after GC invocations=1 (full 0):
 garbage-first heap   total 65536K, used 8729K [0x0000000080000000, 0x0000000100000000)
  region size 1024K, 3 young (3072K), 3 survivors (3072K)
 Metaspace       used 10699K, capacity 10887K, committed 11008K, reserved 1058816K
  class space    used 1130K, capacity 1201K, committed 1280K, reserved 1048576K
}
Event: 1.377 GC heap before
{Heap before GC invocations=1 (full 0):
 garbage-first heap   total 65536K, used 39449K [0x0000000080000000, 0x0000000100000000)
  region size 1024K, 34 young (34816K), 3 survivors (3072K)
 Metaspace       used 11002K, capacity 11211K, committed 11520K, reserved 1058816K
  class space    used 1144K, capacity 1202K, committed 1280K, reserved 1048576K
}
Event: 1.384 GC heap after
{Heap after GC invocations=2 (full 0):
 garbage-first heap   total 65536K, used 12895K [0x0000000080000000, 0x0000000100000000)
  region size 1024K, 5 young (5120K), 5 survivors (5120K)
 Metaspace       used 11002K, capacity 11211K, committed 11520K, reserved 1058816K
  class space    used 1144K, capacity 1202K, committed 1280K, reserved 1048576K
}
Event: 2.963 GC heap before
{Heap before GC invocations=2 (full 0):
 garbage-first heap   total 65536K, used 39519K [0x0000000080000000, 0x0000000100000000)
  region size 1024K, 31 young (31744K), 5 survivors (5120K)
 Metaspace       used 17245K, capacity 17662K, committed 17792K, reserved 1064960K
  class space    used 2013K, capacity 2131K, committed 2176K, reserved 1048576K
}
Event: 2.969 GC heap after
{Heap after GC invocations=3 (full 0):
 garbage-first heap   total 65536K, used 15283K [0x0000000080000000, 0x0000000100000000)
  region size 1024K, 3 young (3072K), 3 survivors (3072K)
 Metaspace       used 17245K, capacity 17662K, committed 17792K, reserved 1064960K
  class space    used 2013K, capacity 2131K, committed 2176K, reserved 1048576K
}
Event: 3.401 GC heap before
{Heap before GC invocations=3 (full 0):
 garbage-first heap   total 65536K, used 39859K [0x0000000080000000, 0x0000000100000000)
  region size 1024K, 29 young (29696K), 3 survivors (3072K)
 Metaspace       used 20636K, capacity 21112K, committed 21248K, reserved 1067008K
  class space    used 2534K, capacity 2711K, committed 2816K, reserved 1048576K
}
Event: 3.406 GC heap after
{Heap after GC invocations=4 (full 0):
 garbage-first heap   total 65536K, used 16339K [0x0000000080000000, 0x0000000100000000)
  region size 1024K, 2 young (2048K), 2 survivors (2048K)
 Metaspace       used 20636K, capacity 21112K, committed 21248K, reserved 1067008K
  class space    used 2534K, capacity 2711K, committed 2816K, reserved 1048576K
}
Event: 3.952 GC heap before
{Heap before GC invocations=5 (full 0):
 garbage-first heap   total 65536K, used 45011K [0x0000000080000000, 0x0000000100000000)
  region size 1024K, 31 young (31744K), 2 survivors (2048K)
 Metaspace       used 24187K, capacity 24743K, committed 24832K, reserved 1071104K
  class space    used 3091K, capacity 3264K, committed 3328K, reserved 1048576K
}
Event: 3.954 GC heap after
{Heap after GC invocations=6 (full 0):
 garbage-first heap   total 65536K, used 17503K [0x0000000080000000, 0x0000000100000000)
  region size 1024K, 3 young (3072K), 3 survivors (3072K)
 Metaspace       used 24187K, capacity 24743K, committed 24832K, reserved 1071104K
  class space    used 3091K, capacity 3264K, committed 3328K, reserved 1048576K
}
Event: 4.398 GC heap before
{Heap before GC invocations=6 (full 0):
 garbage-first heap   total 65536K, used 47199K [0x0000000080000000, 0x0000000100000000)
  region size 1024K, 32 young (32768K), 3 survivors (3072K)
 Metaspace       used 27172K, capacity 27810K, committed 27904K, reserved 1073152K
  class space    used 3583K, capacity 3821K, committed 3840K, reserved 1048576K
}
Event: 4.403 GC heap after
{Heap after GC invocations=7 (full 0):
 garbage-first heap   total 65536K, used 18560K [0x0000000080000000, 0x0000000100000000)
  region size 1024K, 3 young (3072K), 3 survivors (3072K)
 Metaspace       used 27172K, capacity 27810K, committed 27904K, reserved 1073152K
  class space    used 3583K, capacity 3821K, committed 3840K, reserved 1048576K
}
Event: 5.091 GC heap before
{Heap before GC invocations=7 (full 0):
 garbage-first heap   total 65536K, used 48256K [0x0000000080000000, 0x0000000100000000)
  region size 1024K, 33 young (33792K), 3 survivors (3072K)
 Metaspace       used 33757K, capacity 34468K, committed 34688K, reserved 1079296K
  class space    used 4372K, capacity 4634K, committed 4736K, reserved 1048576K
}
Event: 5.096 GC heap after
{Heap after GC invocations=8 (full 0):
 garbage-first heap   total 65536K, used 21050K [0x0000000080000000, 0x0000000100000000)
  region size 1024K, 5 young (5120K), 5 survivors (5120K)
 Metaspace       used 33757K, capacity 34468K, committed 34688K, reserved 1079296K
  class space    used 4372K, capacity 4634K, committed 4736K, reserved 1048576K
}
Event: 5.253 GC heap before
{Heap before GC invocations=8 (full 0):
 garbage-first heap   total 65536K, used 28218K [0x0000000080000000, 0x0000000100000000)
  region size 1024K, 13 young (13312K), 5 survivors (5120K)
 Metaspace       used 35089K, capacity 35776K, committed 35840K, reserved 1081344K
  class space    used 4568K, capacity 4857K, committed 4864K, reserved 1048576K
}
Event: 5.262 GC heap after
{Heap after GC invocations=9 (full 0):
 garbage-first heap   total 65536K, used 21534K [0x0000000080000000, 0x0000000100000000)
  region size 1024K, 4 young (4096K), 4 survivors (4096K)
 Metaspace       used 35089K, capacity 35776K, committed 35840K, reserved 1081344K
  class space    used 4568K, capacity 4857K, committed 4864K, reserved 1048576K
}
Event: 5.646 GC heap before
{Heap before GC invocations=10 (full 0):
 garbage-first heap   total 65536K, used 45086K [0x0000000080000000, 0x0000000100000000)
  region size 1024K, 25 young (25600K), 4 survivors (4096K)
 Metaspace       used 37462K, capacity 38226K, committed 38528K, reserved 1083392K
  class space    used 4812K, capacity 5133K, committed 5248K, reserved 1048576K
}
Event: 5.651 GC heap after
{Heap after GC invocations=11 (full 0):
 garbage-first heap   total 65536K, used 23020K [0x0000000080000000, 0x0000000100000000)
  region size 1024K, 2 young (2048K), 2 survivors (2048K)
 Metaspace       used 37462K, capacity 38226K, committed 38528K, reserved 1083392K
  class space    used 4812K, capacity 5133K, committed 5248K, reserved 1048576K
}
Event: 6.007 GC heap before
{Heap before GC invocations=11 (full 0):
 garbage-first heap   total 65536K, used 46572K [0x0000000080000000, 0x0000000100000000)
  region size 1024K, 24 young (24576K), 2 survivors (2048K)
 Metaspace       used 39722K, capacity 40583K, committed 40704K, reserved 1085440K
  class space    used 5049K, capacity 5363K, committed 5376K, reserved 1048576K
}
Event: 6.012 GC heap after
{Heap after GC invocations=12 (full 0):
 garbage-first heap   total 78848K, used 24239K [0x0000000080000000, 0x0000000100000000)
  region size 1024K, 3 young (3072K), 3 survivors (3072K)
 Metaspace       used 39722K, capacity 40583K, committed 40704K, reserved 1085440K
  class space    used 5049K, capacity 5363K, committed 5376K, reserved 1048576K
}

